[0.069s] DEBUG:colcon:Command line arguments: ['/usr/bin/colcon', 'list', '-p', '--base-paths', '/soft/workspace/code/igcclib']
[0.070s] DEBUG:colcon:Parsed command line arguments: Namespace(log_base=None, log_level=None, verb_name='list', build_base='build', ignore_user_meta=False, metas=['./colcon.meta'], base_paths=['/soft/workspace/code/igcclib'], packages_ignore=None, packages_ignore_regex=None, paths=None, packages_up_to=None, packages_up_to_regex=None, packages_above=None, packages_above_and_dependencies=None, packages_above_depth=None, packages_select_by_dep=None, packages_skip_by_dep=None, packages_skip_up_to=None, packages_select_build_failed=False, packages_skip_build_finished=False, packages_select_test_failures=False, packages_skip_test_passed=False, packages_select=None, packages_skip=None, packages_select_regex=None, packages_skip_regex=None, packages_start=None, packages_end=None, topological_order=False, names_only=False, paths_only=True, topological_graph=False, topological_graph_dot=False, topological_graph_density=False, topological_graph_legend=False, topological_graph_dot_cluster=False, topological_graph_dot_include_skipped=False, mixin_files=None, mixin=None, verb_parser=<colcon_mixin.mixin.mixin_argument.MixinArgumentDecorator object at 0x7f6e40909450>, verb_extension=<colcon_package_information.verb.list.ListVerb object at 0x7f6e409081f0>, main=<bound method ListVerb.main of <colcon_package_information.verb.list.ListVerb object at 0x7f6e409081f0>>, mixin_verb=('list',))
[0.193s] Level 1:colcon.colcon_core.package_discovery:discover_packages(colcon_meta) check parameters
[0.193s] Level 1:colcon.colcon_core.package_discovery:discover_packages(recursive) check parameters
[0.193s] Level 1:colcon.colcon_core.package_discovery:discover_packages(ignore) check parameters
[0.193s] Level 1:colcon.colcon_core.package_discovery:discover_packages(path) check parameters
[0.193s] Level 1:colcon.colcon_core.package_discovery:discover_packages(recursive) discover
[0.193s] INFO:colcon.colcon_core.package_discovery:Crawling recursively for packages in '/soft/workspace/code/igcclib'
[0.193s] Level 1:colcon.colcon_core.package_identification:_identify(/soft/workspace/code/igcclib) by extensions ['ignore', 'ignore_ament_install']
[0.193s] Level 1:colcon.colcon_core.package_identification:_identify(/soft/workspace/code/igcclib) by extension 'ignore'
[0.193s] Level 1:colcon.colcon_core.package_identification:_identify(/soft/workspace/code/igcclib) by extension 'ignore_ament_install'
[0.193s] Level 1:colcon.colcon_core.package_identification:_identify(/soft/workspace/code/igcclib) by extensions ['colcon_pkg']
[0.193s] Level 1:colcon.colcon_core.package_identification:_identify(/soft/workspace/code/igcclib) by extension 'colcon_pkg'
[0.193s] Level 1:colcon.colcon_core.package_identification:_identify(/soft/workspace/code/igcclib) by extensions ['colcon_meta']
[0.193s] Level 1:colcon.colcon_core.package_identification:_identify(/soft/workspace/code/igcclib) by extension 'colcon_meta'
[0.193s] Level 1:colcon.colcon_core.package_identification:_identify(/soft/workspace/code/igcclib) by extensions ['ros']
[0.193s] Level 1:colcon.colcon_core.package_identification:_identify(/soft/workspace/code/igcclib) by extension 'ros'
[0.202s] Level 1:colcon.colcon_core.package_identification:_identify(/soft/workspace/code/igcclib) by extensions ['cmake', 'python']
[0.203s] Level 1:colcon.colcon_core.package_identification:_identify(/soft/workspace/code/igcclib) by extension 'cmake'
[0.207s] Level 1:colcon.colcon_core.package_identification:_identify(/soft/workspace/code/igcclib) by extension 'python'
[0.207s] DEBUG:colcon.colcon_core.package_identification:Package '/soft/workspace/code/igcclib' with type 'cmake' and name 'igcclib'
[0.207s] Level 1:colcon.colcon_core.package_discovery:discover_packages(recursive) using defaults
